app/build/outputs/logs/manifest-merger-debug-report.txt
-- Merging decision tree log ---
manifest
ADDED from src\main\AndroidManifest.xml:2:1-159:12
INJECTED from src\main\AndroidManifest.xml:2:1-159:12
INJECTED from src\main\AndroidManifest.xml:2:1-159:12
INJECTED from src\main\AndroidManifest.xml:2:1-159:12
INJECTED from src\main\AndroidManifest.xml:2:1-159:12
INJECTED from src\main\AndroidManifest.xml:2:1-159:12
INJECTED from src\main\AndroidManifest.xml:2:1-159:12
	package
		ADDED from src\main\AndroidManifest.xml:2:70-100
		INJECTED from src\main\AndroidManifest.xml
		INJECTED from src\main\AndroidManifest.xml
	android:versionName
		ADDED from src\main\AndroidManifest.xml:2:125-150
		INJECTED from src\main\AndroidManifest.xml
		INJECTED from src\main\AndroidManifest.xml
	xmlns:android
		ADDED from src\main\AndroidManifest.xml:2:11-69
	android:versionCode
		ADDED from src\main\AndroidManifest.xml:2:101-124
		INJECTED from src\main\AndroidManifest.xml
		INJECTED from src\main\AndroidManifest.xml
uses-sdk
ADDED from src\main\AndroidManifest.xml:3:3-41
INJECTED from src\main\AndroidManifest.xml:3:3-41
INJECTED from src\main\AndroidManifest.xml:3:3-41
INJECTED from src\main\AndroidManifest.xml:3:3-41
INJECTED from src\main\AndroidManifest.xml:3:3-41
	android:targetSdkVersion
		INJECTED from src\main\AndroidManifest.xml
		ADDED from src\main\AndroidManifest.xml:3:3-41
		INJECTED from src\main\AndroidManifest.xml
	android:minSdkVersion
		ADDED from src\main\AndroidManifest.xml:3:13-38
		INJECTED from src\main\AndroidManifest.xml
		INJECTED from src\main\AndroidManifest.xml
uses-permission#android.permission.ACCESS_NETWORK_STATE
ADDED from src\main\AndroidManifest.xml:4:3-5:21
	android:name
		ADDED from src\main\AndroidManifest.xml:4:20-74
uses-permission#android.permission.ACCESS_WIFI_STATE
ADDED from src\main\AndroidManifest.xml:6:3-7:21
	android:name
		ADDED from src\main\AndroidManifest.xml:6:20-71
uses-permission#android.permission.INTERNET
ADDED from src\main\AndroidManifest.xml:8:3-9:21
	android:name
		ADDED from src\main\AndroidManifest.xml:8:20-62
uses-permission#android.permission.ACCESS_COARSE_LOCATION
ADDED from src\main\AndroidManifest.xml:10:3-11:21
	android:name
		ADDED from src\main\AndroidManifest.xml:10:20-76
uses-permission#android.permission.READ_PHONE_STATE
ADDED from src\main\AndroidManifest.xml:12:3-13:21
	android:name
		ADDED from src\main\AndroidManifest.xml:12:20-70
uses-permission#android.permission.WRITE_EXTERNAL_STORAGE
ADDED from src\main\AndroidManifest.xml:14:3-15:21
	android:name
		ADDED from src\main\AndroidManifest.xml:14:20-76
uses-permission#android.permission.ACCESS_FINE_LOCATION
ADDED from src\main\AndroidManifest.xml:16:3-17:21
	android:name
		ADDED from src\main\AndroidManifest.xml:16:20-74
application
ADDED from src\main\AndroidManifest.xml:18:3-158:17
	android:label
		ADDED from src\main\AndroidManifest.xml:19:7-39
	android:debuggable
		ADDED from src\main\AndroidManifest.xml:19:83-109
	android:icon
		ADDED from src\main\AndroidManifest.xml:18:63-92
	android:theme
		ADDED from src\main\AndroidManifest.xml:19:40-82
	android:name
		ADDED from src\main\AndroidManifest.xml:18:16-62
activity#com.tianditu.sdkDemo.SDKDemoMain
ADDED from src\main\AndroidManifest.xml:20:5-25:16
	android:label
		ADDED from src\main\AndroidManifest.xml:20:63-95
	android:name
		ADDED from src\main\AndroidManifest.xml:20:15-62
intent-filter#android.intent.action.MAIN+android.intent.category.LAUNCHER
ADDED from src\main\AndroidManifest.xml:21:7-24:23
action#android.intent.action.MAIN
ADDED from src\main\AndroidManifest.xml:22:9-61
	android:name
		ADDED from src\main\AndroidManifest.xml:22:17-58
category#android.intent.category.LAUNCHER
ADDED from src\main\AndroidManifest.xml:23:9-69
	android:name
		ADDED from src\main\AndroidManifest.xml:23:19-66
activity#com.tianditu.sdkDemo.MapViewDemo
ADDED from src\main\AndroidManifest.xml:27:5-32:16
	android:label
		ADDED from src\main\AndroidManifest.xml:27:103-138
	android:description
		ADDED from src\main\AndroidManifest.xml:27:63-102
	android:name
		ADDED from src\main\AndroidManifest.xml:27:15-62
intent-filter#android.intent.action.MAIN+android.intent.category.DEFAULT
ADDED from src\main\AndroidManifest.xml:28:7-31:23
category#android.intent.category.DEFAULT
ADDED from src\main\AndroidManifest.xml:30:9-68
	android:name
		ADDED from src\main\AndroidManifest.xml:30:19-65
activity#com.tianditu.sdkDemo.MapLayerDemo
ADDED from src\main\AndroidManifest.xml:33:5-38:16
	android:label
		ADDED from src\main\AndroidManifest.xml:33:84-120
	android:description
		ADDED from src\main\AndroidManifest.xml:33:44-83
	android:name
		ADDED from src\main\AndroidManifest.xml:33:15-43
activity#com.tianditu.sdkDemo.MapControllDemo
ADDED from src\main\AndroidManifest.xml:39:5-44:16
	android:label
		ADDED from src\main\AndroidManifest.xml:39:126-165
	android:windowSoftInputMode
		ADDED from src\main\AndroidManifest.xml:39:166-205
	android:configChanges
		ADDED from src\main\AndroidManifest.xml:39:47-85
	android:description
		ADDED from src\main\AndroidManifest.xml:39:86-125
	android:name
		ADDED from src\main\AndroidManifest.xml:39:15-46
activity#com.tianditu.sdkDemo.MapProjectionDemo
ADDED from src\main\AndroidManifest.xml:45:5-50:16
	android:label
		ADDED from src\main\AndroidManifest.xml:45:128-166
	android:windowSoftInputMode
		ADDED from src\main\AndroidManifest.xml:45:167-206
	android:configChanges
		ADDED from src\main\AndroidManifest.xml:45:49-87
	android:description
		ADDED from src\main\AndroidManifest.xml:45:88-127
	android:name
		ADDED from src\main\AndroidManifest.xml:45:15-48
activity#com.tianditu.sdkDemo.MapCustomSourceDemo
ADDED from src\main\AndroidManifest.xml:51:5-56:16
	android:label
		ADDED from src\main\AndroidManifest.xml:51:130-152
	android:windowSoftInputMode
		ADDED from src\main\AndroidManifest.xml:51:153-192
	android:configChanges
		ADDED from src\main\AndroidManifest.xml:51:51-89
	android:description
		ADDED from src\main\AndroidManifest.xml:51:90-129
	android:name
		ADDED from src\main\AndroidManifest.xml:51:15-50
activity#com.tianditu.sdkDemo.MyLocationDemo
ADDED from src\main\AndroidManifest.xml:58:5-63:16
	android:label
		ADDED from src\main\AndroidManifest.xml:58:86-124
	android:launchMode
		ADDED from src\main\AndroidManifest.xml:58:125-156
	android:description
		ADDED from src\main\AndroidManifest.xml:58:46-85
	android:name
		ADDED from src\main\AndroidManifest.xml:58:15-45
activity#com.tianditu.sdkDemo.OverlayDemo
ADDED from src\main\AndroidManifest.xml:64:5-69:16
	android:screenOrientation
		ADDED from src\main\AndroidManifest.xml:64:170-204
	android:label
		ADDED from src\main\AndroidManifest.xml:64:134-169
	android:configChanges
		ADDED from src\main\AndroidManifest.xml:64:43-93
	android:description
		ADDED from src\main\AndroidManifest.xml:64:94-133
	android:name
		ADDED from src\main\AndroidManifest.xml:64:15-42
activity#com.tianditu.sdkDemo.ItemizedOverlayDemo
ADDED from src\main\AndroidManifest.xml:70:5-75:16
	android:screenOrientation
		ADDED from src\main\AndroidManifest.xml:70:186-220
	android:label
		ADDED from src\main\AndroidManifest.xml:70:142-185
	android:configChanges
		ADDED from src\main\AndroidManifest.xml:70:51-101
	android:description
		ADDED from src\main\AndroidManifest.xml:70:102-141
	android:name
		ADDED from src\main\AndroidManifest.xml:70:15-50
activity#com.tianditu.sdkDemo.MarkerOverlayDemo
ADDED from src\main\AndroidManifest.xml:76:5-81:16
	android:screenOrientation
		ADDED from src\main\AndroidManifest.xml:76:182-216
	android:label
		ADDED from src\main\AndroidManifest.xml:76:140-181
	android:configChanges
		ADDED from src\main\AndroidManifest.xml:76:49-99
	android:description
		ADDED from src\main\AndroidManifest.xml:76:100-139
	android:name
		ADDED from src\main\AndroidManifest.xml:76:15-48
activity#com.tianditu.sdkDemo.TextOverlayDemo
ADDED from src\main\AndroidManifest.xml:82:5-87:16
	android:screenOrientation
		ADDED from src\main\AndroidManifest.xml:82:178-212
	android:label
		ADDED from src\main\AndroidManifest.xml:82:138-177
	android:configChanges
		ADDED from src\main\AndroidManifest.xml:82:47-97
	android:description
		ADDED from src\main\AndroidManifest.xml:82:98-137
	android:name
		ADDED from src\main\AndroidManifest.xml:82:15-46
activity#com.tianditu.sdkDemo.GeometryOverlayDemo
ADDED from src\main\AndroidManifest.xml:88:5-93:16
	android:screenOrientation
		ADDED from src\main\AndroidManifest.xml:88:186-220
	android:label
		ADDED from src\main\AndroidManifest.xml:88:142-185
	android:configChanges
		ADDED from src\main\AndroidManifest.xml:88:51-101
	android:description
		ADDED from src\main\AndroidManifest.xml:88:102-141
	android:name
		ADDED from src\main\AndroidManifest.xml:88:15-50
activity#com.tianditu.sdkDemo.OfflineMapDemoList
ADDED from src\main\AndroidManifest.xml:95:5-100:16
	android:label
		ADDED from src\main\AndroidManifest.xml:95:152-194
	android:launchMode
		ADDED from src\main\AndroidManifest.xml:95:195-226
	android:configChanges
		ADDED from src\main\AndroidManifest.xml:95:50-111
	android:description
		ADDED from src\main\AndroidManifest.xml:95:112-151
	android:name
		ADDED from src\main\AndroidManifest.xml:95:15-49
activity#com.tianditu.sdkDemo.PoiSearchDemo
ADDED from src\main\AndroidManifest.xml:102:5-107:16
	android:screenOrientation
		ADDED from src\main\AndroidManifest.xml:102:174-208
	android:label
		ADDED from src\main\AndroidManifest.xml:102:136-173
	android:configChanges
		ADDED from src\main\AndroidManifest.xml:102:45-95
	android:description
		ADDED from src\main\AndroidManifest.xml:102:96-135
	android:name
		ADDED from src\main\AndroidManifest.xml:102:15-44
activity#com.tianditu.sdkDemo.GeoDecodeDemo
ADDED from src\main\AndroidManifest.xml:108:5-113:16
	android:label
		ADDED from src\main\AndroidManifest.xml:108:147-184
	android:launchMode
		ADDED from src\main\AndroidManifest.xml:108:185-216
	android:configChanges
		ADDED from src\main\AndroidManifest.xml:108:45-106
	android:description
		ADDED from src\main\AndroidManifest.xml:108:107-146
	android:name
		ADDED from src\main\AndroidManifest.xml:108:15-44
activity#com.tianditu.sdkDemo.BusStationIDSearchDemo
ADDED from src\main\AndroidManifest.xml:114:5-119:16
	android:screenOrientation
		ADDED from src\main\AndroidManifest.xml:114:192-226
	android:label
		ADDED from src\main\AndroidManifest.xml:114:145-191
	android:configChanges
		ADDED from src\main\AndroidManifest.xml:114:54-104
	android:description
		ADDED from src\main\AndroidManifest.xml:114:105-144
	android:name
		ADDED from src\main\AndroidManifest.xml:114:15-53
activity#com.tianditu.sdkDemo.BusLineIDSearchDemo
ADDED from src\main\AndroidManifest.xml:120:5-125:16
	android:screenOrientation
		ADDED from src\main\AndroidManifest.xml:120:186-220
	android:label
		ADDED from src\main\AndroidManifest.xml:120:142-185
	android:configChanges
		ADDED from src\main\AndroidManifest.xml:120:51-101
	android:description
		ADDED from src\main\AndroidManifest.xml:120:102-141
	android:name
		ADDED from src\main\AndroidManifest.xml:120:15-50
activity#com.tianditu.sdkDemo.BusLineKeySearchDemo
ADDED from src\main\AndroidManifest.xml:126:5-131:16
	android:screenOrientation
		ADDED from src\main\AndroidManifest.xml:126:188-222
	android:label
		ADDED from src\main\AndroidManifest.xml:126:143-187
	android:configChanges
		ADDED from src\main\AndroidManifest.xml:126:52-102
	android:description
		ADDED from src\main\AndroidManifest.xml:126:103-142
	android:name
		ADDED from src\main\AndroidManifest.xml:126:15-51
activity#com.tianditu.sdkDemo.DrivingDemo
ADDED from src\main\AndroidManifest.xml:132:5-137:16
	android:label
		ADDED from src\main\AndroidManifest.xml:132:83-118
	android:description
		ADDED from src\main\AndroidManifest.xml:132:43-82
	android:name
		ADDED from src\main\AndroidManifest.xml:132:15-42
activity#com.tianditu.sdkDemo.TransitSearchDemo
ADDED from src\main\AndroidManifest.xml:138:5-143:16
	android:screenOrientation
		ADDED from src\main\AndroidManifest.xml:138:182-216
	android:label
		ADDED from src\main\AndroidManifest.xml:138:140-181
	android:configChanges
		ADDED from src\main\AndroidManifest.xml:138:49-99
	android:description
		ADDED from src\main\AndroidManifest.xml:138:100-139
	android:name
		ADDED from src\main\AndroidManifest.xml:138:15-48
activity#com.tianditu.sdkDemo.ActivityLogoDemo
ADDED from src\main\AndroidManifest.xml:146:5-151:16
	android:label
		ADDED from src\main\AndroidManifest.xml:146:88-110
	android:description
		ADDED from src\main\AndroidManifest.xml:146:48-87
	android:name
		ADDED from src\main\AndroidManifest.xml:146:15-47
activity#com.tianditu.sdkDemo.ActivitySimulateGpsDemo
ADDED from src\main\AndroidManifest.xml:152:5-157:16
	android:label
		ADDED from src\main\AndroidManifest.xml:152:95-119
	android:description
		ADDED from src\main\AndroidManifest.xml:152:55-94
	android:name
		ADDED from src\main\AndroidManifest.xml:152:15-54